2023-04-02 21:56:43.487635 - Initialized conversion of CBT107
2023-04-02 21:56:44.248572 - Received CBT.V504.FILE107.PDS from FILE107.XMI 
2023-04-02 21:56:44.251704 - Found $$DOC.txt (text/plain) in CBT.V504.FILE107.PDS, moved to PDS/$$DOC
2023-04-02 21:56:44.253315 - Found $$README.txt (text/plain) in CBT.V504.FILE107.PDS, moved to PDS/$$README
2023-04-02 21:56:44.254624 - Found $INTRNLS.txt (text/plain) in CBT.V504.FILE107.PDS, moved to PDS/$INTRNLS
2023-04-02 21:56:44.255989 - Found $USERGDE.txt (text/plain) in CBT.V504.FILE107.PDS, moved to PDS/$USERGDE
2023-04-02 21:56:44.257274 - Found ##$DC.txt (text/plain) in CBT.V504.FILE107.PDS, moved to PDS/##$DC
2023-04-02 21:56:44.258469 - Found ##$OS.txt (text/plain) in CBT.V504.FILE107.PDS, moved to PDS/##$OS
2023-04-02 21:56:44.259493 - Found ##$PLI.txt (text/plain) in CBT.V504.FILE107.PDS, moved to PDS/##$PLI
2023-04-02 21:56:44.260815 - Found ##ASMH.txt (text/plain) in CBT.V504.FILE107.PDS, moved to PDS/##ASMH
2023-04-02 21:56:44.261960 - Found ##COND.txt (text/plain) in CBT.V504.FILE107.PDS, moved to PDS/##COND
2023-04-02 21:56:44.263147 - Found ##CVREG.txt (text/plain) in CBT.V504.FILE107.PDS, moved to PDS/##CVREG
2023-04-02 21:56:44.264292 - Found ##DEFSUB.txt (text/plain) in CBT.V504.FILE107.PDS, moved to PDS/##DEFSUB
2023-04-02 21:56:44.265732 - Found ##EESTD.txt (text/plain) in CBT.V504.FILE107.PDS, moved to PDS/##EESTD
2023-04-02 21:56:44.266878 - Found ##EPSTD.txt (text/plain) in CBT.V504.FILE107.PDS, moved to PDS/##EPSTD
2023-04-02 21:56:44.268115 - Found ##IESTD.txt (text/plain) in CBT.V504.FILE107.PDS, moved to PDS/##IESTD
2023-04-02 21:56:44.269100 - Found ##IGMSG.txt (text/plain) in CBT.V504.FILE107.PDS, moved to PDS/##IGMSG
2023-04-02 21:56:44.270113 - Found ##IPSTD.txt (text/plain) in CBT.V504.FILE107.PDS, moved to PDS/##IPSTD
2023-04-02 21:56:44.271031 - Found ##L.txt (text/plain) in CBT.V504.FILE107.PDS, moved to PDS/##L
2023-04-02 21:56:44.272126 - Found ##LA.txt (text/plain) in CBT.V504.FILE107.PDS, moved to PDS/##LA
2023-04-02 21:56:44.273070 - Found ##LDBS.txt (text/plain) in CBT.V504.FILE107.PDS, moved to PDS/##LDBS
2023-04-02 21:56:44.273959 - Found ##MODPFX.txt (text/plain) in CBT.V504.FILE107.PDS, moved to PDS/##MODPFX
2023-04-02 21:56:44.274836 - Found ##MREG.txt (text/plain) in CBT.V504.FILE107.PDS, moved to PDS/##MREG
2023-04-02 21:56:44.275923 - Found ##ORGS.txt (text/plain) in CBT.V504.FILE107.PDS, moved to PDS/##ORGS
2023-04-02 21:56:44.276866 - Found ##PEDC.txt (text/plain) in CBT.V504.FILE107.PDS, moved to PDS/##PEDC
2023-04-02 21:56:44.277746 - Found ##PEOS.txt (text/plain) in CBT.V504.FILE107.PDS, moved to PDS/##PEOS
2023-04-02 21:56:44.278627 - Found ##PEPLI.txt (text/plain) in CBT.V504.FILE107.PDS, moved to PDS/##PEPLI
2023-04-02 21:56:44.279827 - Found ##PLIST.txt (text/plain) in CBT.V504.FILE107.PDS, moved to PDS/##PLIST
2023-04-02 21:56:44.280828 - Found ##PPDC.txt (text/plain) in CBT.V504.FILE107.PDS, moved to PDS/##PPDC
2023-04-02 21:56:44.281964 - Found ##PPOS.txt (text/plain) in CBT.V504.FILE107.PDS, moved to PDS/##PPOS
2023-04-02 21:56:44.283118 - Found ##PPPLI.txt (text/plain) in CBT.V504.FILE107.PDS, moved to PDS/##PPPLI
2023-04-02 21:56:44.284316 - Found ##PRMOPT.txt (text/plain) in CBT.V504.FILE107.PDS, moved to PDS/##PRMOPT
2023-04-02 21:56:44.285341 - Found ##REGS.txt (text/plain) in CBT.V504.FILE107.PDS, moved to PDS/##REGS
2023-04-02 21:56:44.286215 - Found ##RST.txt (text/plain) in CBT.V504.FILE107.PDS, moved to PDS/##RST
2023-04-02 21:56:44.287141 - Found ##RWREG.txt (text/plain) in CBT.V504.FILE107.PDS, moved to PDS/##RWREG
2023-04-02 21:56:44.288150 - Found ##SESTD.txt (text/plain) in CBT.V504.FILE107.PDS, moved to PDS/##SESTD
2023-04-02 21:56:44.289134 - Found ##SPSTD.txt (text/plain) in CBT.V504.FILE107.PDS, moved to PDS/##SPSTD
2023-04-02 21:56:44.290038 - Found ##ST.txt (text/plain) in CBT.V504.FILE107.PDS, moved to PDS/##ST
2023-04-02 21:56:44.290961 - Found ##SUBOPT.txt (text/plain) in CBT.V504.FILE107.PDS, moved to PDS/##SUBOPT
2023-04-02 21:56:44.292031 - Found ##SWREG.txt (text/plain) in CBT.V504.FILE107.PDS, moved to PDS/##SWREG
2023-04-02 21:56:44.292949 - Found ##UCOND.txt (text/plain) in CBT.V504.FILE107.PDS, moved to PDS/##UCOND
2023-04-02 21:56:44.293867 - Found ##UESTD.txt (text/plain) in CBT.V504.FILE107.PDS, moved to PDS/##UESTD
2023-04-02 21:56:44.294818 - Found ##UPSTD.txt (text/plain) in CBT.V504.FILE107.PDS, moved to PDS/##UPSTD
2023-04-02 21:56:44.295981 - Found ##VEDSCT.txt (text/plain) in CBT.V504.FILE107.PDS, moved to PDS/##VEDSCT
2023-04-02 21:56:44.297201 - Found ##VEINLN.txt (text/plain) in CBT.V504.FILE107.PDS, moved to PDS/##VEINLN
2023-04-02 21:56:44.298284 - Found ##VOP.txt (text/plain) in CBT.V504.FILE107.PDS, moved to PDS/##VOP
2023-04-02 21:56:44.299932 - Found ##VPDSCT.txt (text/plain) in CBT.V504.FILE107.PDS, moved to PDS/##VPDSCT
2023-04-02 21:56:44.301103 - Found ##VPINLN.txt (text/plain) in CBT.V504.FILE107.PDS, moved to PDS/##VPINLN
2023-04-02 21:56:44.302058 - Found ##WESTD.txt (text/plain) in CBT.V504.FILE107.PDS, moved to PDS/##WESTD
2023-04-02 21:56:44.302988 - Found ##WPDC.txt (text/plain) in CBT.V504.FILE107.PDS, moved to PDS/##WPDC
2023-04-02 21:56:44.304035 - Found ##WPOS.txt (text/plain) in CBT.V504.FILE107.PDS, moved to PDS/##WPOS
2023-04-02 21:56:44.304976 - Found ##WPPLI.txt (text/plain) in CBT.V504.FILE107.PDS, moved to PDS/##WPPLI
2023-04-02 21:56:44.305902 - Found ##XEFF.txt (text/plain) in CBT.V504.FILE107.PDS, moved to PDS/##XEFF
2023-04-02 21:56:44.306844 - Found @FILE107.txt (text/plain) in CBT.V504.FILE107.PDS, moved to PDS/@FILE107
2023-04-02 21:56:44.307927 - Found BLOCK.txt (text/plain) in CBT.V504.FILE107.PDS, moved to PDS/BLOCK
2023-04-02 21:56:44.308908 - Found CALLSUB.txt (text/plain) in CBT.V504.FILE107.PDS, moved to PDS/CALLSUB
2023-04-02 21:56:44.309794 - Found CALLX.txt (text/plain) in CBT.V504.FILE107.PDS, moved to PDS/CALLX
2023-04-02 21:56:44.310699 - Found CASE.txt (text/plain) in CBT.V504.FILE107.PDS, moved to PDS/CASE
2023-04-02 21:56:44.311728 - Found CASEBLK.txt (text/plain) in CBT.V504.FILE107.PDS, moved to PDS/CASEBLK
2023-04-02 21:56:44.312687 - Found DC.txt (text/plain) in CBT.V504.FILE107.PDS, moved to PDS/DC
2023-04-02 21:56:44.313626 - Found DEFUCOND.txt (text/plain) in CBT.V504.FILE107.PDS, moved to PDS/DEFUCOND
2023-04-02 21:56:44.314556 - Found DEFVGTYP.txt (text/plain) in CBT.V504.FILE107.PDS, moved to PDS/DEFVGTYP
2023-04-02 21:56:44.315793 - Found DS.txt (text/plain) in CBT.V504.FILE107.PDS, moved to PDS/DS
2023-04-02 21:56:44.316804 - Found ELSE.txt (text/plain) in CBT.V504.FILE107.PDS, moved to PDS/ELSE
2023-04-02 21:56:44.317778 - Found ELSEIF.txt (text/plain) in CBT.V504.FILE107.PDS, moved to PDS/ELSEIF
2023-04-02 21:56:44.318773 - Found ENDBLK.txt (text/plain) in CBT.V504.FILE107.PDS, moved to PDS/ENDBLK
2023-04-02 21:56:44.319797 - Found ENDCASE.txt (text/plain) in CBT.V504.FILE107.PDS, moved to PDS/ENDCASE
2023-04-02 21:56:44.320791 - Found ENDIF.txt (text/plain) in CBT.V504.FILE107.PDS, moved to PDS/ENDIF
2023-04-02 21:56:44.321788 - Found ENDLOOP.txt (text/plain) in CBT.V504.FILE107.PDS, moved to PDS/ENDLOOP
2023-04-02 21:56:44.322781 - Found ENDPSD.txt (text/plain) in CBT.V504.FILE107.PDS, moved to PDS/ENDPSD
2023-04-02 21:56:44.323882 - Found ENDPWA.txt (text/plain) in CBT.V504.FILE107.PDS, moved to PDS/ENDPWA
2023-04-02 21:56:44.324846 - Found ENDSSD.txt (text/plain) in CBT.V504.FILE107.PDS, moved to PDS/ENDSSD
2023-04-02 21:56:44.325883 - Found ENDSWA.txt (text/plain) in CBT.V504.FILE107.PDS, moved to PDS/ENDSWA
2023-04-02 21:56:44.326914 - Found ENDVDA.txt (text/plain) in CBT.V504.FILE107.PDS, moved to PDS/ENDVDA
2023-04-02 21:56:44.327946 - Found EQU.txt (text/plain) in CBT.V504.FILE107.PDS, moved to PDS/EQU
2023-04-02 21:56:44.329130 - Found ERREXIT.txt (text/plain) in CBT.V504.FILE107.PDS, moved to PDS/ERREXIT
2023-04-02 21:56:44.330234 - Found EXI.txt (text/plain) in CBT.V504.FILE107.PDS, moved to PDS/EXI
2023-04-02 21:56:44.331272 - Found FILL.txt (text/plain) in CBT.V504.FILE107.PDS, moved to PDS/FILL
2023-04-02 21:56:44.332561 - Found IBIT.txt (text/plain) in CBT.V504.FILE107.PDS, moved to PDS/IBIT
2023-04-02 21:56:44.333680 - Found IF.txt (text/plain) in CBT.V504.FILE107.PDS, moved to PDS/IF
2023-04-02 21:56:44.334814 - Found LCBA.txt (text/plain) in CBT.V504.FILE107.PDS, moved to PDS/LCBA
2023-04-02 21:56:44.335842 - Found LEAVE.txt (text/plain) in CBT.V504.FILE107.PDS, moved to PDS/LEAVE
2023-04-02 21:56:44.336803 - Found LOOP.txt (text/plain) in CBT.V504.FILE107.PDS, moved to PDS/LOOP
2023-04-02 21:56:44.337775 - Found L16.txt (text/plain) in CBT.V504.FILE107.PDS, moved to PDS/L16
2023-04-02 21:56:44.338709 - Found L24.txt (text/plain) in CBT.V504.FILE107.PDS, moved to PDS/L24
2023-04-02 21:56:44.339672 - Found L32.txt (text/plain) in CBT.V504.FILE107.PDS, moved to PDS/L32
2023-04-02 21:56:44.340543 - Found L8.txt (text/plain) in CBT.V504.FILE107.PDS, moved to PDS/L8
2023-04-02 21:56:44.341408 - Found OLDFILL.txt (text/plain) in CBT.V504.FILE107.PDS, moved to PDS/OLDFILL
2023-04-02 21:56:44.342285 - Found OLDPPDC.txt (text/plain) in CBT.V504.FILE107.PDS, moved to PDS/OLDPPDC
2023-04-02 21:56:44.343206 - Found PLIST.txt (text/plain) in CBT.V504.FILE107.PDS, moved to PDS/PLIST
2023-04-02 21:56:44.344124 - Found PSD.txt (text/plain) in CBT.V504.FILE107.PDS, moved to PDS/PSD
2023-04-02 21:56:44.345703 - Found PWA.txt (text/plain) in CBT.V504.FILE107.PDS, moved to PDS/PWA
2023-04-02 21:56:44.346922 - Found RBIT.txt (text/plain) in CBT.V504.FILE107.PDS, moved to PDS/RBIT
2023-04-02 21:56:44.347896 - Found SBIT.txt (text/plain) in CBT.V504.FILE107.PDS, moved to PDS/SBIT
2023-04-02 21:56:44.348873 - Found SMCTRL.txt (text/plain) in CBT.V504.FILE107.PDS, moved to PDS/SMCTRL
2023-04-02 21:56:44.349972 - Found SMLIST.txt (text/plain) in CBT.V504.FILE107.PDS, moved to PDS/SMLIST
2023-04-02 21:56:44.351088 - Found SMPUCOND.txt (text/plain) in CBT.V504.FILE107.PDS, moved to PDS/SMPUCOND
2023-04-02 21:56:44.352065 - Found SMSYMS.txt (text/plain) in CBT.V504.FILE107.PDS, moved to PDS/SMSYMS
2023-04-02 21:56:44.353161 - Found SSD.txt (text/plain) in CBT.V504.FILE107.PDS, moved to PDS/SSD
2023-04-02 21:56:44.354279 - Found STRSA.txt (text/plain) in CBT.V504.FILE107.PDS, moved to PDS/STRSA
2023-04-02 21:56:44.355470 - Found SWA.txt (text/plain) in CBT.V504.FILE107.PDS, moved to PDS/SWA
2023-04-02 21:56:44.356573 - Found TBIT.txt (text/plain) in CBT.V504.FILE107.PDS, moved to PDS/TBIT
2023-04-02 21:56:44.357667 - Found TREG.txt (text/plain) in CBT.V504.FILE107.PDS, moved to PDS/TREG
2023-04-02 21:56:44.358751 - Found VDA.txt (text/plain) in CBT.V504.FILE107.PDS, moved to PDS/VDA
